This is pdfTeX, Version 3.14159265-2.6-1.40.19 (MiKTeX 2.9.6840 64-bit) (preloaded format=pdflatex 2018.11.15)  12 SEP 2019 01:02
entering extended mode
**./Thesis.tex
(Thesis.tex
LaTeX2e <2018-04-01> patch level 5
("C:\Users\Asus\AppData\Local\Programs\MiKTeX 2.9\tex\latex\base\report.cls"
Document Class: report 2014/09/29 v1.4h Standard LaTeX document class
("C:\Users\Asus\AppData\Local\Programs\MiKTeX 2.9\tex\latex\base\size10.clo"
File: size10.clo 2014/09/29 v1.4h Standard LaTeX file (size option)
)
\c@part=\count80
\c@chapter=\count81
\c@section=\count82
\c@subsection=\count83
\c@subsubsection=\count84
\c@paragraph=\count85
\c@subparagraph=\count86
\c@figure=\count87
\c@table=\count88
\abovecaptionskip=\skip41
\belowcaptionskip=\skip42
\bibindent=\dimen102
)
("C:\Users\Asus\AppData\Local\Programs\MiKTeX 2.9\tex\latex\float\float.sty"
Package: float 2001/11/08 v1.3d Float enhancements (AL)
\c@float@type=\count89
\float@exts=\toks14
\float@box=\box26
\@float@everytoks=\toks15
\@floatcapt=\box27
)
("C:\Users\Asus\AppData\Local\Programs\MiKTeX 2.9\tex\latex\comment\comment.sty
"
\CommentStream=\write3
 Excluding comment 'comment') (Thesis_Preamble.tex
("C:\Users\Asus\AppData\Local\Programs\MiKTeX 2.9\tex\latex\base\inputenc.sty"
Package: inputenc 2018/04/06 v1.3b Input encoding file
\inpenc@prehook=\toks16
\inpenc@posthook=\toks17
) ("C:\Users\Asus\AppData\Local\Programs\MiKTeX 2.9\tex\generic\babel\babel.sty
"
Package: babel 2018/09/26 3.24 The Babel package
("C:\Users\Asus\AppData\Local\Programs\MiKTeX 2.9\tex\generic\babel\switch.def"
File: switch.def 2018/09/26 3.24 Babel switching mechanism
)
*************************************
* Local config file bblopts.cfg used
*
("C:\Users\Asus\AppData\Local\Programs\MiKTeX 2.9\tex\latex\arabi\bblopts.cfg"
File: bblopts.cfg 2005/09/08 v0.1 add Arabic and Farsi to "declared" options of
 babel
)
("C:\Users\Asus\AppData\Local\Programs\MiKTeX 2.9\tex\latex\babel-english\engli
sh.ldf"
Language: english 2017/06/06 v3.3r English support from the babel system

("C:\Users\Asus\AppData\Local\Programs\MiKTeX 2.9\tex\generic\babel\babel.def"
File: babel.def 2018/09/26 3.24 Babel common definitions
\babel@savecnt=\count90
\U@D=\dimen103

("C:\Users\Asus\AppData\Local\Programs\MiKTeX 2.9\tex\generic\babel\txtbabel.de
f")
\bbl@dirlevel=\count91
)
\l@canadian = a dialect from \language\l@american 
\l@australian = a dialect from \language\l@british 
\l@newzealand = a dialect from \language\l@british 
))
("C:\Users\Asus\AppData\Local\Programs\MiKTeX 2.9\tex\latex\geometry\geometry.s
ty"
Package: geometry 2018/04/16 v5.8 Page Geometry

("C:\Users\Asus\AppData\Local\Programs\MiKTeX 2.9\tex\latex\graphics\keyval.sty
"
Package: keyval 2014/10/28 v1.15 key=value parser (DPC)
\KV@toks@=\toks18
)
("C:\Users\Asus\AppData\Local\Programs\MiKTeX 2.9\tex\generic\oberdiek\ifpdf.st
y"
Package: ifpdf 2018/09/07 v3.3 Provides the ifpdf switch
)
("C:\Users\Asus\AppData\Local\Programs\MiKTeX 2.9\tex\generic\oberdiek\ifvtex.s
ty"
Package: ifvtex 2016/05/16 v1.6 Detect VTeX and its facilities (HO)
Package ifvtex Info: VTeX not detected.
)
("C:\Users\Asus\AppData\Local\Programs\MiKTeX 2.9\tex\generic\ifxetex\ifxetex.s
ty"
Package: ifxetex 2010/09/12 v0.6 Provides ifxetex conditional
)
\Gm@cnth=\count92
\Gm@cntv=\count93
\c@Gm@tempcnt=\count94
\Gm@bindingoffset=\dimen104
\Gm@wd@mp=\dimen105
\Gm@odd@mp=\dimen106
\Gm@even@mp=\dimen107
\Gm@layoutwidth=\dimen108
\Gm@layoutheight=\dimen109
\Gm@layouthoffset=\dimen110
\Gm@layoutvoffset=\dimen111
\Gm@dimlist=\toks19

("C:\Users\Asus\AppData\Local\Programs\MiKTeX 2.9\tex\latex\geometry\geometry.c
fg"))
("C:\Users\Asus\AppData\Local\Programs\MiKTeX 2.9\tex\latex\setspace\setspace.s
ty"
Package: setspace 2011/12/19 v6.7a set line spacing
)
("C:\Users\Asus\AppData\Local\Programs\MiKTeX 2.9\tex\latex\graphics\graphicx.s
ty"
Package: graphicx 2017/06/01 v1.1a Enhanced LaTeX Graphics (DPC,SPQR)

("C:\Users\Asus\AppData\Local\Programs\MiKTeX 2.9\tex\latex\graphics\graphics.s
ty"
Package: graphics 2017/06/25 v1.2c Standard LaTeX Graphics (DPC,SPQR)

("C:\Users\Asus\AppData\Local\Programs\MiKTeX 2.9\tex\latex\graphics\trig.sty"
Package: trig 2016/01/03 v1.10 sin cos tan (DPC)
)
("C:\Users\Asus\AppData\Local\Programs\MiKTeX 2.9\tex\latex\graphics-cfg\graphi
cs.cfg"
File: graphics.cfg 2016/06/04 v1.11 sample graphics configuration
)
Package graphics Info: Driver file: pdftex.def on input line 99.

("C:\Users\Asus\AppData\Local\Programs\MiKTeX 2.9\tex\latex\graphics-def\pdftex
.def"
File: pdftex.def 2018/01/08 v1.0l Graphics/color driver for pdftex
))
\Gin@req@height=\dimen112
\Gin@req@width=\dimen113
)
("C:\Users\Asus\AppData\Local\Programs\MiKTeX 2.9\tex\latex\amsmath\amsmath.sty
"
Package: amsmath 2017/09/02 v2.17a AMS math features
\@mathmargin=\skip43

For additional information on amsmath, use the `?' option.
("C:\Users\Asus\AppData\Local\Programs\MiKTeX 2.9\tex\latex\amsmath\amstext.sty
"
Package: amstext 2000/06/29 v2.01 AMS text
 ("C:\Users\Asus\AppData\Local\Programs\MiKTeX 2.9\tex\latex\amsmath\amsgen.sty
"
File: amsgen.sty 1999/11/30 v2.0 generic functions
\@emptytoks=\toks20
\ex@=\dimen114
))
("C:\Users\Asus\AppData\Local\Programs\MiKTeX 2.9\tex\latex\amsmath\amsbsy.sty"
Package: amsbsy 1999/11/29 v1.2d Bold Symbols
\pmbraise@=\dimen115
) ("C:\Users\Asus\AppData\Local\Programs\MiKTeX 2.9\tex\latex\amsmath\amsopn.st
y"
Package: amsopn 2016/03/08 v2.02 operator names
)
\inf@bad=\count95
LaTeX Info: Redefining \frac on input line 213.
\uproot@=\count96
\leftroot@=\count97
LaTeX Info: Redefining \overline on input line 375.
\classnum@=\count98
\DOTSCASE@=\count99
LaTeX Info: Redefining \ldots on input line 472.
LaTeX Info: Redefining \dots on input line 475.
LaTeX Info: Redefining \cdots on input line 596.
\Mathstrutbox@=\box28
\strutbox@=\box29
\big@size=\dimen116
LaTeX Font Info:    Redeclaring font encoding OML on input line 712.
LaTeX Font Info:    Redeclaring font encoding OMS on input line 713.
\macc@depth=\count100
\c@MaxMatrixCols=\count101
\dotsspace@=\muskip10
\c@parentequation=\count102
\dspbrk@lvl=\count103
\tag@help=\toks21
\row@=\count104
\column@=\count105
\maxfields@=\count106
\andhelp@=\toks22
\eqnshift@=\dimen117
\alignsep@=\dimen118
\tagshift@=\dimen119
\tagwidth@=\dimen120
\totwidth@=\dimen121
\lineht@=\dimen122
\@envbody=\toks23
\multlinegap=\skip44
\multlinetaggap=\skip45
\mathdisplay@stack=\toks24
LaTeX Info: Redefining \[ on input line 2817.
LaTeX Info: Redefining \] on input line 2818.
)
("C:\Users\Asus\AppData\Local\Programs\MiKTeX 2.9\tex\latex\amscls\amsthm.sty"
Package: amsthm 2017/10/31 v2.20.4
\thm@style=\toks25
\thm@bodyfont=\toks26
\thm@headfont=\toks27
\thm@notefont=\toks28
\thm@headpunct=\toks29
\thm@preskip=\skip46
\thm@postskip=\skip47
\thm@headsep=\skip48
\dth@everypar=\toks30
)
("C:\Users\Asus\AppData\Local\Programs\MiKTeX 2.9\tex\latex\amsfonts\amsfonts.s
ty"
Package: amsfonts 2013/01/14 v3.01 Basic AMSFonts support
\symAMSa=\mathgroup4
\symAMSb=\mathgroup5
LaTeX Font Info:    Overwriting math alphabet `\mathfrak' in version `bold'
(Font)                  U/euf/m/n --> U/euf/b/n on input line 106.
)
("C:\Users\Asus\AppData\Local\Programs\MiKTeX 2.9\tex\latex\subfigure\subfigure
.sty"
Package: subfigure 2002/07/30 v2.1.4 subfigure package
\subfigtopskip=\skip49
\subfigcapskip=\skip50
\subfigcaptopadj=\dimen123
\subfigbottomskip=\skip51
\subfigcapmargin=\dimen124
\subfiglabelskip=\skip52
\c@subfigure=\count107
\c@lofdepth=\count108
\c@subtable=\count109
\c@lotdepth=\count110

****************************************
* Local config file subfigure.cfg used *
****************************************

("C:\Users\Asus\AppData\Local\Programs\MiKTeX 2.9\tex\latex\subfigure\subfigure
.cfg")
\subfig@top=\skip53
\subfig@bottom=\skip54
)
("C:\Users\Asus\AppData\Local\Programs\MiKTeX 2.9\tex\latex\subfigmat\subfigmat
.sty"
Package: subfigmat 1999/02/27 v1.0 Subfigure Matrix Package
\sfm@width=\skip55
\sfmcolsep=\skip56
\c@sfm@count=\count111
)
("C:\Users\Asus\AppData\Local\Programs\MiKTeX 2.9\tex\latex\tools\dcolumn.sty"
Package: dcolumn 2014/10/28 v1.06 decimal alignment package (DPC)

("C:\Users\Asus\AppData\Local\Programs\MiKTeX 2.9\tex\latex\tools\array.sty"
Package: array 2018/04/30 v2.4h Tabular extension package (FMi)
\col@sep=\dimen125
\ar@mcellbox=\box30
\extrarowheight=\dimen126
\NC@list=\toks31
\extratabsurround=\skip57
\backup@length=\skip58
\ar@cellbox=\box31
))
("C:\Users\Asus\AppData\Local\Programs\MiKTeX 2.9\tex\latex\nomencl\nomencl.sty
"
Package: nomencl 2005/09/22 v4.2 Nomenclature package (LN)
\nomlabelwidth=\dimen127
\nom@tempdim=\dimen128
\nomitemsep=\skip59
)
\@nomenclaturefile=\write4
\openout4 = `Thesis.nlo'.


Writing nomenclature file Thesis.nlo
("C:\Users\Asus\AppData\Local\Programs\MiKTeX 2.9\tex\latex\base\ifthen.sty"
Package: ifthen 2014/09/29 v1.1c Standard LaTeX ifthen package (DPC)
)
(glossary.sty
Package: glossary 2006/07/20 2.4 (NLCT)
\gls@cols=\count112

No configuration file glossary.cfg found
("C:\Users\Asus\AppData\Local\Programs\MiKTeX 2.9\tex\latex\tools\longtable.sty
"
Package: longtable 2014/10/28 v4.11 Multi-page Table package (DPC)
\LTleft=\skip60
\LTright=\skip61
\LTpre=\skip62
\LTpost=\skip63
\LTchunksize=\count113
\LTcapwidth=\dimen129
\LT@head=\box32
\LT@firsthead=\box33
\LT@foot=\box34
\LT@lastfoot=\box35
\LT@cols=\count114
\LT@rows=\count115
\c@LT@tables=\count116
\c@LT@chunks=\count117
\LT@p@ftn=\toks32
)
\descriptionwidth=\skip64
\istfile=\write5
)
\@glossaryfile=\write6
\openout6 = `Thesis.glo'.


Writing glossary file Thesis.glo 

("C:\Users\Asus\AppData\Local\Programs\MiKTeX 2.9\tex\latex\graphics\rotating.s
ty"
Package: rotating 2016/08/11 v2.16d rotated objects in LaTeX
\c@r@tfl@t=\count118
\rotFPtop=\skip65
\rotFPbot=\skip66
\rot@float@box=\box36
\rot@mess@toks=\toks33
)
("C:\Users\Asus\AppData\Local\Programs\MiKTeX 2.9\tex\latex\hyperref\hyperref.s
ty"
Package: hyperref 2018/09/30 v6.88a Hypertext links for LaTeX

("C:\Users\Asus\AppData\Local\Programs\MiKTeX 2.9\tex\generic\oberdiek\hobsub-h
yperref.sty"
Package: hobsub-hyperref 2016/05/16 v1.14 Bundle oberdiek, subset hyperref (HO)


("C:\Users\Asus\AppData\Local\Programs\MiKTeX 2.9\tex\generic\oberdiek\hobsub-g
eneric.sty"
Package: hobsub-generic 2016/05/16 v1.14 Bundle oberdiek, subset generic (HO)
Package: hobsub 2016/05/16 v1.14 Construct package bundles (HO)
Package: infwarerr 2016/05/16 v1.4 Providing info/warning/error messages (HO)
Package: ltxcmds 2016/05/16 v1.23 LaTeX kernel commands for general use (HO)
Package: ifluatex 2016/05/16 v1.4 Provides the ifluatex switch (HO)
Package ifluatex Info: LuaTeX not detected.
Package hobsub Info: Skipping package `ifvtex' (already loaded).
Package: intcalc 2016/05/16 v1.2 Expandable calculations with integers (HO)
Package hobsub Info: Skipping package `ifpdf' (already loaded).
Package: etexcmds 2016/05/16 v1.6 Avoid name clashes with e-TeX commands (HO)
Package etexcmds Info: Could not find \expanded.
(etexcmds)             That can mean that you are not using pdfTeX 1.50 or
(etexcmds)             that some package has redefined \expanded.
(etexcmds)             In the latter case, load this package earlier.
Package: kvsetkeys 2016/05/16 v1.17 Key value parser (HO)
Package: kvdefinekeys 2016/05/16 v1.4 Define keys (HO)
Package: pdftexcmds 2018/09/10 v0.29 Utility functions of pdfTeX for LuaTeX (HO
)
Package pdftexcmds Info: LuaTeX not detected.
Package pdftexcmds Info: \pdf@primitive is available.
Package pdftexcmds Info: \pdf@ifprimitive is available.
Package pdftexcmds Info: \pdfdraftmode found.
Package: pdfescape 2016/05/16 v1.14 Implements pdfTeX's escape features (HO)
Package: bigintcalc 2016/05/16 v1.4 Expandable calculations on big integers (HO
)
Package: bitset 2016/05/16 v1.2 Handle bit-vector datatype (HO)
Package: uniquecounter 2016/05/16 v1.3 Provide unlimited unique counter (HO)
)
Package hobsub Info: Skipping package `hobsub' (already loaded).
Package: letltxmacro 2016/05/16 v1.5 Let assignment for LaTeX macros (HO)
Package: hopatch 2016/05/16 v1.3 Wrapper for package hooks (HO)
Package: xcolor-patch 2016/05/16 xcolor patch
Package: atveryend 2016/05/16 v1.9 Hooks at the very end of document (HO)
Package atveryend Info: \enddocument detected (standard20110627).
Package: atbegshi 2016/06/09 v1.18 At begin shipout hook (HO)
Package: refcount 2016/05/16 v3.5 Data extraction from label references (HO)
Package: hycolor 2016/05/16 v1.8 Color options for hyperref/bookmark (HO)
)
("C:\Users\Asus\AppData\Local\Programs\MiKTeX 2.9\tex\latex\oberdiek\auxhook.st
y"
Package: auxhook 2016/05/16 v1.4 Hooks for auxiliary files (HO)
)
("C:\Users\Asus\AppData\Local\Programs\MiKTeX 2.9\tex\latex\oberdiek\kvoptions.
sty"
Package: kvoptions 2016/05/16 v3.12 Key value format for package options (HO)
)
\@linkdim=\dimen130
\Hy@linkcounter=\count119
\Hy@pagecounter=\count120

("C:\Users\Asus\AppData\Local\Programs\MiKTeX 2.9\tex\latex\hyperref\pd1enc.def
"
File: pd1enc.def 2018/09/30 v6.88a Hyperref: PDFDocEncoding definition (HO)
Now handling font encoding PD1 ...
... no UTF-8 mapping file for font encoding PD1
)
\Hy@SavedSpaceFactor=\count121

("C:\Users\Asus\AppData\Local\Programs\MiKTeX 2.9\tex\latex\00miktex\hyperref.c
fg"
File: hyperref.cfg 2002/06/06 v1.2 hyperref configuration of TeXLive
)
Package hyperref Info: Hyper figures OFF on input line 4535.
Package hyperref Info: Link nesting OFF on input line 4540.
Package hyperref Info: Hyper index ON on input line 4543.
Package hyperref Info: Plain pages OFF on input line 4550.
Package hyperref Info: Backreferencing OFF on input line 4555.
Package hyperref Info: Implicit mode ON; LaTeX internals redefined.
Package hyperref Info: Bookmarks ON on input line 4788.
\c@Hy@tempcnt=\count122
 ("C:\Users\Asus\AppData\Local\Programs\MiKTeX 2.9\tex\latex\url\url.sty"
\Urlmuskip=\muskip11
Package: url 2013/09/16  ver 3.4  Verb mode for urls, etc.
)
LaTeX Info: Redefining \url on input line 5141.
\XeTeXLinkMargin=\dimen131
\Fld@menulength=\count123
\Field@Width=\dimen132
\Fld@charsize=\dimen133
Package hyperref Info: Hyper figures OFF on input line 6396.
Package hyperref Info: Link nesting OFF on input line 6401.
Package hyperref Info: Hyper index ON on input line 6404.
Package hyperref Info: backreferencing OFF on input line 6411.
Package hyperref Info: Link coloring OFF on input line 6416.
Package hyperref Info: Link coloring with OCG OFF on input line 6421.
Package hyperref Info: PDF/A mode OFF on input line 6426.
LaTeX Info: Redefining \ref on input line 6466.
LaTeX Info: Redefining \pageref on input line 6470.
\Hy@abspage=\count124
\c@Item=\count125
\c@Hfootnote=\count126
)
Package hyperref Info: Driver: hpdftex.

("C:\Users\Asus\AppData\Local\Programs\MiKTeX 2.9\tex\latex\hyperref\hpdftex.de
f"
File: hpdftex.def 2018/09/30 v6.88a Hyperref driver for pdfTeX
\Fld@listcount=\count127
\c@bookmark@seq@number=\count128

("C:\Users\Asus\AppData\Local\Programs\MiKTeX 2.9\tex\latex\oberdiek\rerunfilec
heck.sty"
Package: rerunfilecheck 2016/05/16 v1.8 Rerun checks for auxiliary files (HO)
Package uniquecounter Info: New unique counter `rerunfilecheck' on input line 2
82.
)
\Hy@SectionHShift=\skip67
)
Package hyperref Info: Option `colorlinks' set `true' on input line 393.


Package hyperref Warning: Option `pagecolor' is not available anymore.


Package hyperref Warning: Option `bookmarks' has already been used,
(hyperref)                setting the option has no effect on input line 393.

Package hyperref Info: Option `bookmarksopen' set `false' on input line 393.
Package hyperref Info: Option `bookmarksnumbered' set `true' on input line 393.

Package hyperref Info: Option `pdfdisplaydoctitle' set `true' on input line 393
.
("C:\Users\Asus\AppData\Local\Programs\MiKTeX 2.9\tex\latex\oberdiek\hypcap.sty
"
Package: hypcap 2016/05/16 v1.12 Adjusting the anchors of captions (HO)
) ("C:\Users\Asus\AppData\Local\Programs\MiKTeX 2.9\tex\latex\natbib\natbib.sty
"
Package: natbib 2010/09/13 8.31b (PWD, AO)
\bibhang=\skip68
\bibsep=\skip69
LaTeX Info: Redefining \cite on input line 694.
\c@NAT@ctr=\count129
)
("C:\Users\Asus\AppData\Local\Programs\MiKTeX 2.9\tex\latex\notoccite\notoccite
.sty"
Package: notoccite 2000/07/20
)
("C:\Users\Asus\AppData\Local\Programs\MiKTeX 2.9\tex\latex\multirow\multirow.s
ty"
Package: multirow 2018/08/03 v2.3 Span multiple rows of a table
\multirow@colwidth=\skip70
\multirow@cntb=\count130
\multirow@dima=\skip71
\bigstrutjot=\dimen134
)
("C:\Users\Asus\AppData\Local\Programs\MiKTeX 2.9\tex\latex\booktabs\booktabs.s
ty"
Package: booktabs 2005/04/14 v1.61803 publication quality tables
\heavyrulewidth=\dimen135
\lightrulewidth=\dimen136
\cmidrulewidth=\dimen137
\belowrulesep=\dimen138
\belowbottomsep=\dimen139
\aboverulesep=\dimen140
\abovetopsep=\dimen141
\cmidrulesep=\dimen142
\cmidrulekern=\dimen143
\defaultaddspace=\dimen144
\@cmidla=\count131
\@cmidlb=\count132
\@aboverulesep=\dimen145
\@belowrulesep=\dimen146
\@thisruleclass=\count133
\@lastruleclass=\count134
\@thisrulewidth=\dimen147
)
("C:\Users\Asus\AppData\Local\Programs\MiKTeX 2.9\tex\latex\pdfpages\pdfpages.s
ty"
Package: pdfpages 2017/10/31 v0.5l Insert pages of external PDF documents (AM)
 ("C:\Users\Asus\AppData\Local\Programs\MiKTeX 2.9\tex\latex\tools\calc.sty"
Package: calc 2017/05/25 v4.3 Infix arithmetic (KKT,FJ)
\calc@Acount=\count135
\calc@Bcount=\count136
\calc@Adimen=\dimen148
\calc@Bdimen=\dimen149
\calc@Askip=\skip72
\calc@Bskip=\skip73
LaTeX Info: Redefining \setlength on input line 80.
LaTeX Info: Redefining \addtolength on input line 81.
\calc@Ccount=\count137
\calc@Cskip=\skip74
)
("C:\Users\Asus\AppData\Local\Programs\MiKTeX 2.9\tex\latex\eso-pic\eso-pic.sty
"
Package: eso-pic 2018/04/12 v2.0h eso-pic (RN)
 ("C:\Users\Asus\AppData\Local\Programs\MiKTeX 2.9\tex\latex\xcolor\xcolor.sty"
Package: xcolor 2016/05/11 v2.12 LaTeX color extensions (UK)

("C:\Users\Asus\AppData\Local\Programs\MiKTeX 2.9\tex\latex\graphics-cfg\color.
cfg"
File: color.cfg 2016/01/02 v1.6 sample color configuration
)
Package xcolor Info: Driver file: pdftex.def on input line 225.
Package xcolor Info: Model `cmy' substituted by `cmy0' on input line 1348.
Package xcolor Info: Model `hsb' substituted by `rgb' on input line 1352.
Package xcolor Info: Model `RGB' extended on input line 1364.
Package xcolor Info: Model `HTML' substituted by `rgb' on input line 1366.
Package xcolor Info: Model `Hsb' substituted by `hsb' on input line 1367.
Package xcolor Info: Model `tHsb' substituted by `hsb' on input line 1368.
Package xcolor Info: Model `HSB' substituted by `hsb' on input line 1369.
Package xcolor Info: Model `Gray' substituted by `gray' on input line 1370.
Package xcolor Info: Model `wave' substituted by `hsb' on input line 1371.
))
\AM@pagewidth=\dimen150
\AM@pageheight=\dimen151

("C:\Users\Asus\AppData\Local\Programs\MiKTeX 2.9\tex\latex\pdfpages\pppdftex.d
ef"
File: pppdftex.def 2017/10/31 v0.5l Pdfpages driver for pdfTeX (AM)
)
\AM@pagebox=\box37
\AM@global@opts=\toks34
\AM@toc@title=\toks35
\c@AM@survey=\count138
\AM@templatesizebox=\box38
)) (Thesis.aux

LaTeX Warning: Label `section:model' multiply defined.


LaTeX Warning: Label `section:model' multiply defined.


LaTeX Warning: Label `section:model' multiply defined.

)
\openout1 = `Thesis.aux'.

LaTeX Font Info:    Checking defaults for OML/cmm/m/it on input line 78.
LaTeX Font Info:    ... okay on input line 78.
LaTeX Font Info:    Checking defaults for T1/cmr/m/n on input line 78.
LaTeX Font Info:    ... okay on input line 78.
LaTeX Font Info:    Checking defaults for OT1/cmr/m/n on input line 78.
LaTeX Font Info:    ... okay on input line 78.
LaTeX Font Info:    Checking defaults for OMS/cmsy/m/n on input line 78.
LaTeX Font Info:    ... okay on input line 78.
LaTeX Font Info:    Checking defaults for OMX/cmex/m/n on input line 78.
LaTeX Font Info:    ... okay on input line 78.
LaTeX Font Info:    Checking defaults for U/cmr/m/n on input line 78.
LaTeX Font Info:    ... okay on input line 78.
LaTeX Font Info:    Checking defaults for PD1/pdf/m/n on input line 78.
LaTeX Font Info:    ... okay on input line 78.
LaTeX Font Info:    Try loading font information for OT1+phv on input line 78.
 ("C:\Users\Asus\AppData\Local\Programs\MiKTeX 2.9\tex\latex\psnfss\ot1phv.fd"
File: ot1phv.fd 2001/06/04 scalable font definitions for OT1/phv.
)
*geometry* driver: auto-detecting
*geometry* detected driver: pdftex

Package geometry Warning: The marginal notes overrun the paper.
     Add 50.86812pt and more to the right margin.

*geometry* verbose mode - [ preamble ] result:
* driver: pdftex
* paper: a4paper
* layout: <same size as paper>
* layoutoffset:(h,v)=(0.0pt,0.0pt)
* modes: twoside 
* h-part:(L,W,R)=(71.13188pt, 455.24411pt, 71.13188pt)
* v-part:(T,H,B)=(71.13188pt, 702.78308pt, 71.13188pt)
* \paperwidth=597.50787pt
* \paperheight=845.04684pt
* \textwidth=455.24411pt
* \textheight=702.78308pt
* \oddsidemargin=-1.1381pt
* \evensidemargin=-1.1381pt
* \topmargin=-38.1381pt
* \headheight=12.0pt
* \headsep=25.0pt
* \topskip=10.0pt
* \footskip=30.0pt
* \marginparwidth=111.0pt
* \marginparsep=11.0pt
* \columnsep=10.0pt
* \skip\footins=9.0pt plus 4.0pt minus 2.0pt
* \hoffset=0.0pt
* \voffset=0.0pt
* \mag=1000
* \@twocolumnfalse
* \@twosidetrue
* \@mparswitchtrue
* \@reversemarginfalse
* (1in=72.27pt=25.4mm, 1cm=28.453pt)


("C:\Users\Asus\AppData\Local\Programs\MiKTeX 2.9\tex\context\base\supp-pdf.mki
i"
[Loading MPS to PDF converter (version 2006.09.02).]
\scratchcounter=\count139
\scratchdimen=\dimen152
\scratchbox=\box39
\nofMPsegments=\count140
\nofMParguments=\count141
\everyMPshowfont=\toks36
\MPscratchCnt=\count142
\MPscratchDim=\dimen153
\MPnumerator=\count143
\makeMPintoPDFobject=\count144
\everyMPtoPDFconversion=\toks37
)
("C:\Users\Asus\AppData\Local\Programs\MiKTeX 2.9\tex\latex\oberdiek\epstopdf-b
ase.sty"
Package: epstopdf-base 2016/05/15 v2.6 Base part for package epstopdf

("C:\Users\Asus\AppData\Local\Programs\MiKTeX 2.9\tex\latex\oberdiek\grfext.sty
"
Package: grfext 2016/05/16 v1.2 Manage graphics extensions (HO)
)
Package epstopdf-base Info: Redefining graphics rule for `.eps' on input line 4
38.
Package grfext Info: Graphics extension search list:
(grfext)             [.pdf,.png,.jpg,.mps,.jpeg,.jbig2,.jb2,.PDF,.PNG,.JPG,.JPE
G,.JBIG2,.JB2,.eps]
(grfext)             \AppendGraphicsExtensions on input line 456.
)
\AtBeginShipoutBox=\box40
Package hyperref Info: Link coloring ON on input line 78.

("C:\Users\Asus\AppData\Local\Programs\MiKTeX 2.9\tex\latex\hyperref\nameref.st
y"
Package: nameref 2016/05/21 v2.44 Cross-referencing by name of section

("C:\Users\Asus\AppData\Local\Programs\MiKTeX 2.9\tex\generic\oberdiek\gettitle
string.sty"
Package: gettitlestring 2016/05/16 v1.5 Cleanup title references (HO)
)
\c@section@level=\count145
)
LaTeX Info: Redefining \ref on input line 78.
LaTeX Info: Redefining \pageref on input line 78.
LaTeX Info: Redefining \nameref on input line 78.
 (Thesis.out) (Thesis.out)
\@outlinefile=\write7
\openout7 = `Thesis.out'.


("C:\Users\Asus\AppData\Local\Programs\MiKTeX 2.9\tex\latex\oberdiek\pdflscape.
sty"
Package: pdflscape 2016/05/14 v0.11 Display of landscape pages in PDF (HO)

("C:\Users\Asus\AppData\Local\Programs\MiKTeX 2.9\tex\latex\graphics\lscape.sty
"
Package: lscape 2000/10/22 v3.01 Landscape Pages (DPC)
)
Package pdflscape Info: Auto-detected driver: pdftex on input line 81.
) (Thesis_FrontCover.tex
Package pdftex.def Info: Option `bb' equivalent to `viewport' with pdftex drive
r on input line 15.
<IST_A_CMYK_POS.pdf, id=271, 845.0471pt x 597.51233pt>
File: IST_A_CMYK_POS.pdf Graphic file (type pdf)
<use IST_A_CMYK_POS.pdf>
Package pdftex.def Info: IST_A_CMYK_POS.pdf  used on input line 15.
(pdftex.def)             Requested size: -78.38533pt x -90.76195pt.
LaTeX Font Info:    Try loading font information for T1+phv on input line 26.

("C:\Users\Asus\AppData\Local\Programs\MiKTeX 2.9\tex\latex\psnfss\t1phv.fd"
File: t1phv.fd 2001/06/04 scalable font definitions for T1/phv.
)
LaTeX Font Info:    Try loading font information for U+msa on input line 38.

("C:\Users\Asus\AppData\Local\Programs\MiKTeX 2.9\tex\latex\amsfonts\umsa.fd"
File: umsa.fd 2013/01/14 v3.01 AMS symbols A
)
LaTeX Font Info:    Try loading font information for U+msb on input line 38.

("C:\Users\Asus\AppData\Local\Programs\MiKTeX 2.9\tex\latex\amsfonts\umsb.fd"
File: umsb.fd 2013/01/14 v3.01 AMS symbols B
)) [1

\openout5 = `Thesis.ist'.

{C:/Users/Asus/AppData/Local/MiKTeX/2.9/pdftex/config/pdftex.map} <./IST_A_CMYK
_POS.pdf>] [2

] (Thesis_Dedication.tex [3]) [4

] (Thesis_Acknowledgements.tex
LaTeX Font Info:    Font shape `OT1/phv/bx/n' in size <14.4> not available
(Font)              Font shape `OT1/phv/b/n' tried instead on input line 11.
) [5] [6

] (Thesis_Resumo.tex
LaTeX Font Info:    Font shape `OT1/phv/bx/n' in size <10> not available
(Font)              Font shape `OT1/phv/b/n' tried instead on input line 20.
) [7] [8

] (Thesis_Abstract.tex
LaTeX Font Info:    Font shape `OT1/phv/m/it' in size <10> not available
(Font)              Font shape `OT1/phv/m/sl' tried instead on input line 16.
) [9] [10

]
LaTeX Font Info:    Font shape `OT1/phv/bx/n' in size <24.88> not available
(Font)              Font shape `OT1/phv/b/n' tried instead on input line 119.
 (Thesis.toc [11

] [12])
\tf@toc=\write8
\openout8 = `Thesis.toc'.

 [13] [14

] (Thesis.lot)
\tf@lot=\write9
\openout9 = `Thesis.lot'.

 [15

] [16

] (Thesis.lof)
\tf@lof=\write10
\openout10 = `Thesis.lof'.

 [17

] [18

]
(Thesis_Introduction.tex
Chapter 1.
LaTeX Font Info:    Font shape `OT1/phv/bx/n' in size <20.74> not available
(Font)              Font shape `OT1/phv/b/n' tried instead on input line 11.

Underfull \vbox (badness 2326) has occurred while \output is active []

 [1

]
[2]
LaTeX Font Info:    Try loading font information for OMS+phv on input line 44.
 ("C:\Users\Asus\AppData\Local\Programs\MiKTeX 2.9\tex\latex\psnfss\omsphv.fd"
File: omsphv.fd 
)
LaTeX Font Info:    Font shape `OMS/phv/m/n' in size <10> not available
(Font)              Font shape `OMS/cmsy/m/n' tried instead on input line 44.
) [3] [4

] (Thesis_Background.tex
Chapter 2.
LaTeX Font Info:    Font shape `OT1/phv/bx/n' in size <12> not available
(Font)              Font shape `OT1/phv/b/n' tried instead on input line 25.
[5

]
<Figures/ETSI_PKI.pdf, id=537, 460.72125pt x 382.42876pt>
File: Figures/ETSI_PKI.pdf Graphic file (type pdf)
<use Figures/ETSI_PKI.pdf>
Package pdftex.def Info: Figures/ETSI_PKI.pdf  used on input line 34.
(pdftex.def)             Requested size: 364.19667pt x 302.30212pt.
 [6 <./Figures/ETSI_PKI.pdf

pdfTeX warning: pdflatex.exe (file ./Figures/ETSI_PKI.pdf): PDF inclusion: inva
lid other resource which is no dict (key 'ProcSets', type <array>); ignored.
>] [7]
<Figures/AT_P.png, id=570, 712.6625pt x 352.31625pt>
File: Figures/AT_P.png Graphic file (type png)
<use Figures/AT_P.png>
Package pdftex.def Info: Figures/AT_P.png  used on input line 74.
(pdftex.def)             Requested size: 364.19667pt x 180.04446pt.
 [8]
Underfull \vbox (badness 10000) has occurred while \output is active []

 [9 <./Figures/AT_P.png>] [10]
<Figures/SCMS_PKI.pdf, id=592, 810.02625pt x 593.21625pt>
File: Figures/SCMS_PKI.pdf Graphic file (type pdf)
<use Figures/SCMS_PKI.pdf>
Package pdftex.def Info: Figures/SCMS_PKI.pdf  used on input line 117.
(pdftex.def)             Requested size: 364.19667pt x 266.71855pt.
 [11] [12 <./Figures/SCMS_PKI.pdf

pdfTeX warning: pdflatex.exe (file ./Figures/SCMS_PKI.pdf): PDF inclusion: inva
lid other resource which is no dict (key 'ProcSets', type <array>); ignored.
>]
<Figures/message_format.pdf, id=622, 1228.59pt x 492.84125pt>
File: Figures/message_format.pdf Graphic file (type pdf)
<use Figures/message_format.pdf>
Package pdftex.def Info: Figures/message_format.pdf  used on input line 157.
(pdftex.def)             Requested size: 500.77129pt x 200.87802pt.

Overfull \hbox (45.52718pt too wide) in paragraph at lines 157--158
 [][] 
 []

[13] [14 <./Figures/message_format.pdf

pdfTeX warning: pdflatex.exe (file ./Figures/message_format.pdf): PDF inclusion
: invalid other resource which is no dict (key 'ProcSets', type <array>); ignor
ed.
>] [15]
<Figures/relation.png, id=650, 509.905pt x 506.89375pt>
File: Figures/relation.png Graphic file (type png)
<use Figures/relation.png>
Package pdftex.def Info: Figures/relation.png  used on input line 203.
(pdftex.def)             Requested size: 227.62206pt x 226.28246pt.

Underfull \vbox (badness 7740) has occurred while \output is active []

 [16]
Underfull \vbox (badness 3343) has occurred while \output is active []

 [17 <./Figures/relation.png>]) [18] (Thesis_Architecture.tex
Chapter 3.
<Figures/arquitetura.pdf, id=693, 572.1375pt x 561.05606pt>
File: Figures/arquitetura.pdf Graphic file (type pdf)
<use Figures/arquitetura.pdf>
Package pdftex.def Info: Figures/arquitetura.pdf  used on input line 22.
(pdftex.def)             Requested size: 364.19667pt x 357.14842pt.
[19


] [20 <./Figures/arquitetura.pdf

pdfTeX warning: pdflatex.exe (file ./Figures/arquitetura.pdf): PDF inclusion: i
nvalid other resource which is no dict (key 'ProcSets', type <array>); ignored.

>] [21]
<Figures/protocolo_1.pdf, id=741, 437.71529pt x 420.61137pt>
File: Figures/protocolo_1.pdf Graphic file (type pdf)
<use Figures/protocolo_1.pdf>
Package pdftex.def Info: Figures/protocolo_1.pdf  used on input line 65.
(pdftex.def)             Requested size: 364.19667pt x 349.98662pt.

Underfull \vbox (badness 2503) has occurred while \output is active []

 [22]
<Figures/protocolo_2.pdf, id=748, 480.83638pt x 629.4717pt>
File: Figures/protocolo_2.pdf Graphic file (type pdf)
<use Figures/protocolo_2.pdf>
Package pdftex.def Info: Figures/protocolo_2.pdf  used on input line 78.
(pdftex.def)             Requested size: 364.19667pt x 476.78983pt.

Underfull \vbox (badness 4366) has occurred while \output is active []

 [23 <./Figures/protocolo_1.pdf

pdfTeX warning: pdflatex.exe (file ./Figures/protocolo_1.pdf): PDF inclusion: i
nvalid other resource which is no dict (key 'ProcSets', type <array>); ignored.

>] [24 <./Figures/protocolo_2.pdf

pdfTeX warning: pdflatex.exe (file ./Figures/protocolo_2.pdf): PDF inclusion: i
nvalid other resource which is no dict (key 'ProcSets', type <array>); ignored.

>] [25]
<Figures/v2xlib.pdf, id=806, 377.49028pt x 304.2567pt>
File: Figures/v2xlib.pdf Graphic file (type pdf)
<use Figures/v2xlib.pdf>
Package pdftex.def Info: Figures/v2xlib.pdf  used on input line 101.
(pdftex.def)             Requested size: 273.14923pt x 220.16959pt.
 [26 <./Figures/v2xlib.pdf

pdfTeX warning: pdflatex.exe (file ./Figures/v2xlib.pdf): PDF inclusion: invali
d other resource which is no dict (key 'ProcSets', type <array>); ignored.
>]
<Figures/coerstructures.pdf, id=826, 1065.9825pt x 814.00107pt>
File: Figures/coerstructures.pdf Graphic file (type pdf)
<use Figures/coerstructures.pdf>
Package pdftex.def Info: Figures/coerstructures.pdf  used on input line 113.
(pdftex.def)             Requested size: 364.19667pt x 278.09813pt.
 Excluding 'comment' comment. [27 <./Figures/coerstructures.pdf

pdfTeX warning: pdflatex.exe (file ./Figures/coerstructures.pdf): PDF inclusion
: invalid other resource which is no dict (key 'ProcSets', type <array>); ignor
ed.
>]
Overfull \hbox (8.66121pt too wide) in paragraph at lines 129--130
[]\OT1/phv/m/n/10 The en-code pro-cess starts when cre-at-ing a sub class of \O
T1/phv/m/sl/10 CO-ERSe-quence \OT1/phv/m/n/10 (e.g \OT1/phv/m/sl/10 Et-siTs1030
97Certificate\OT1/phv/m/n/10 )
 []


Underfull \vbox (badness 2503) has occurred while \output is active []

 [28]
[29]
<Figures/enrollmentrequest.pdf, id=872, 376.52669pt x 343.2825pt>
File: Figures/enrollmentrequest.pdf Graphic file (type pdf)
<use Figures/enrollmentrequest.pdf>
Package pdftex.def Info: Figures/enrollmentrequest.pdf  used on input line 155.

(pdftex.def)             Requested size: 364.19667pt x 332.0617pt.
 [30]
Underfull \vbox (badness 4279) has occurred while \output is active []

 [31 <./Figures/enrollmentrequest.pdf

pdfTeX warning: pdflatex.exe (file ./Figures/enrollmentrequest.pdf): PDF inclus
ion: invalid other resource which is no dict (key 'ProcSets', type <array>); ig
nored.
>]
<Figures/enrollmentresponse.pdf, id=899, 334.3692pt x 264.02641pt>
File: Figures/enrollmentresponse.pdf Graphic file (type pdf)
<use Figures/enrollmentresponse.pdf>
Package pdftex.def Info: Figures/enrollmentresponse.pdf  used on input line 172
.
(pdftex.def)             Requested size: 364.19667pt x 287.59775pt.
 [32]
<Figures/authorizationrequest.pdf, id=908, 484.69078pt x 472.64577pt>
File: Figures/authorizationrequest.pdf Graphic file (type pdf)
<use Figures/authorizationrequest.pdf>
Package pdftex.def Info: Figures/authorizationrequest.pdf  used on input line 1
81.
(pdftex.def)             Requested size: 364.19667pt x 355.14696pt.
 [33 <./Figures/enrollmentresponse.pdf

pdfTeX warning: pdflatex.exe (file ./Figures/enrollmentresponse.pdf): PDF inclu
sion: invalid other resource which is no dict (key 'ProcSets', type <array>); i
gnored.
>] [34 <./Figures/authorizationrequest.pdf

pdfTeX warning: pdflatex.exe (file ./Figures/authorizationrequest.pdf): PDF inc
lusion: invalid other resource which is no dict (key 'ProcSets', type <array>);
 ignored.
>]
<Figures/authorizationresponse.pdf, id=947, 412.4208pt x 328.3467pt>
File: Figures/authorizationresponse.pdf Graphic file (type pdf)
<use Figures/authorizationresponse.pdf>
Package pdftex.def Info: Figures/authorizationresponse.pdf  used on input line 
198.
(pdftex.def)             Requested size: 364.19667pt x 289.95802pt.
 [35 <./Figures/authorizationresponse.pdf

pdfTeX warning: pdflatex.exe (file ./Figures/authorizationresponse.pdf): PDF in
clusion: invalid other resource which is no dict (key 'ProcSets', type <array>)
; ignored.
>] [36]
Overfull \hbox (25.43965pt too wide) in paragraph at lines 241--242
\OT1/phv/m/n/10 web ap-pli-ca-tion. We sim-ply need to press the \start but-ton
" and ac-cess the ap-pli-ca-tion at \OT1/phv/m/sl/10 http://localhost:8081/\OT1
/phv/m/n/10 .
 []

[37]
<Figures/db_diagram.png, id=977, 530.98375pt x 1030.85126pt>
File: Figures/db_diagram.png Graphic file (type png)
<use Figures/db_diagram.png>
Package pdftex.def Info: Figures/db_diagram.png  used on input line 263.
(pdftex.def)             Requested size: 273.14923pt x 530.30447pt.


LaTeX Warning: `!h' float specifier changed to `!ht'.

[38]
Underfull \vbox (badness 3989) has occurred while \output is active []

 [39 <./Figures/db_diagram.png>]
<Figures/manager10.png, id=990, 1090.67474pt x 301.72725pt>
File: Figures/manager10.png Graphic file (type png)
<use Figures/manager10.png>
Package pdftex.def Info: Figures/manager10.png  used on input line 283.
(pdftex.def)             Requested size: 364.19667pt x 100.75351pt.
 [40 <./Figures/manager10.png>]
<Figures/manager1.png, id=999, 1094.28825pt x 370.986pt>
File: Figures/manager1.png Graphic file (type png)
<use Figures/manager1.png>
Package pdftex.def Info: Figures/manager1.png  used on input line 292.
(pdftex.def)             Requested size: 364.19667pt x 123.46733pt.
<Figures/manager2.png, id=1000, 1097.2995pt x 330.033pt>
File: Figures/manager2.png Graphic file (type png)
<use Figures/manager2.png>
Package pdftex.def Info: Figures/manager2.png  used on input line 298.
(pdftex.def)             Requested size: 364.19667pt x 109.53566pt.
 [41 <./Figures/manager1.png> <./Figures/manager2.png>]
<Figures/manager3.png, id=1009, 1093.686pt x 336.65775pt>
File: Figures/manager3.png Graphic file (type png)
<use Figures/manager3.png>
Package pdftex.def Info: Figures/manager3.png  used on input line 310.
(pdftex.def)             Requested size: 364.19667pt x 112.10938pt.
<Figures/manager7.png, id=1012, 1093.686pt x 414.348pt>
File: Figures/manager7.png Graphic file (type png)
<use Figures/manager7.png>
Package pdftex.def Info: Figures/manager7.png  used on input line 319.
(pdftex.def)             Requested size: 364.19667pt x 137.98077pt.


LaTeX Warning: `!h' float specifier changed to `!ht'.

<Figures/manager8.png, id=1013, 1093.08376pt x 443.85825pt>
File: Figures/manager8.png Graphic file (type png)
<use Figures/manager8.png>
Package pdftex.def Info: Figures/manager8.png  used on input line 325.
(pdftex.def)             Requested size: 364.19667pt x 147.88239pt.

LaTeX Warning: `!h' float specifier changed to `!ht'.

[42 <./Figures/manager3.png>] [43 <./Figures/manager7.png> <./Figures/manager8.
png>]
<Figures/conf_req.png, id=1029, 238.491pt x 78.89474pt>
File: Figures/conf_req.png Graphic file (type png)
<use Figures/conf_req.png>
Package pdftex.def Info: Figures/conf_req.png  used on input line 347.
(pdftex.def)             Requested size: 227.62206pt x 75.30107pt.

Underfull \vbox (badness 1968) has occurred while \output is active []

 [44 <./Figures/conf_req.png>] [45]
<Figures/enrol_req.png, id=1045, 238.491pt x 81.30376pt>
File: Figures/enrol_req.png Graphic file (type png)
<use Figures/enrol_req.png>
Package pdftex.def Info: Figures/enrol_req.png  used on input line 367.
(pdftex.def)             Requested size: 227.62206pt x 77.60036pt.
 [46 <./Figures/enrol_req.png>] [47]
<Figures/auth_req.png, id=1060, 232.4685pt x 89.133pt>
File: Figures/auth_req.png Graphic file (type png)
<use Figures/auth_req.png>
Package pdftex.def Info: Figures/auth_req.png  used on input line 393.
(pdftex.def)             Requested size: 227.62206pt x 87.279pt.
 [48 <./Figures/auth_req.png>] [49] [50] [51]) [52] (Thesis_Implementation.tex)
 (Thesis_Results.tex
Chapter 4.
[53



] [54] [55] [56] [57]
Underfull \vbox (badness 5105) has occurred while \output is active []

 [58]
[59] [60] [61] [62] Excluding 'comment' comment.) [63] [64

]
(Thesis_Conclusions.tex
Chapter 5.
) [65

] [66

] (Thesis.bbl
Underfull \hbox (badness 10000) in paragraph at lines 42--47
\OT1/cmtt/m/n/10 etsi . org / deliver / etsi _ ts / 103000 _ 103099 / 103097 / 
01 . 02 . 01 _ 60 / ts _ 103097v010201p . pdf$[][]\OT1/phv/m/n/10 ,
 []

[67

]
Underfull \hbox (badness 1028) in paragraph at lines 80--83
[]\OT1/phv/m/n/10 Scms cv pi-lots doc-u-men-ta-tion.  [][]$\OT1/cmtt/m/n/10 htt
ps : / / wiki . campllc . org / display / SCP / SCMS + CV + Pilots +
 []

[68]
Underfull \hbox (badness 10000) in paragraph at lines 171--176
\OT1/cmtt/m/n/10 etsi . org / deliver / etsi _ ts / 102900 _ 102999 / 102965 / 
01 . 04 . 01 _ 60 / ts _ 102965v010401p . pdf$[][]\OT1/phv/m/n/10 ,
 []


Underfull \hbox (badness 1881) in paragraph at lines 182--185
[]\OT1/phv/m/n/10 Instrumentation java doc-u-men-ta-tion.  [][]$\OT1/cmtt/m/n/1
0 https : / / docs . oracle . com / javase / 7 / docs / api / java /
 []

) [69] [70

]
Package atveryend Info: Empty hook `BeforeClearDocument' on input line 248.
Package atveryend Info: Empty hook `AfterLastShipout' on input line 248.
 (Thesis.aux)
Package atveryend Info: Executing hook `AtVeryEndDocument' on input line 248.
Package atveryend Info: Executing hook `AtEndAfterFileList' on input line 248.
Package rerunfilecheck Info: File `Thesis.out' has not changed.
(rerunfilecheck)             Checksum: A28375FE44322FEFC05D16E4B2143484;5039.


LaTeX Warning: There were multiply-defined labels.

Package atveryend Info: Empty hook `AtVeryVeryEnd' on input line 248.
 ) 
Here is how much of TeX's memory you used:
 10060 strings out of 492970
 147801 string characters out of 3127037
 270150 words of memory out of 3000000
 13413 multiletter control sequences out of 15000+200000
 36106 words of font info for 67 fonts, out of 3000000 for 9000
 1141 hyphenation exceptions out of 8191
 39i,10n,39p,2486b,495s stack positions out of 5000i,500n,10000p,200000b,50000s
{C:/Users/Asus/AppData/Local/Programs/MiKTeX 2.9/fonts/enc/dvips/base/8r.enc}
<C:/Users/Asus/AppData/Local/Programs/MiKTeX 2.9/fonts/type1/public/amsfonts/cm
/cmmi10.pfb><C:/Users/Asus/AppData/Local/Programs/MiKTeX 2.9/fonts/type1/public
/amsfonts/cm/cmsy10.pfb><C:/Users/Asus/AppData/Local/Programs/MiKTeX 2.9/fonts/
type1/public/amsfonts/cm/cmtt10.pfb><C:/Users/Asus/AppData/Local/Programs/MiKTe
X 2.9/fonts/type1/urw/helvetic/uhvb8a.pfb><C:/Users/Asus/AppData/Local/Programs
/MiKTeX 2.9/fonts/type1/urw/helvetic/uhvr8a.pfb><C:/Users/Asus/AppData/Local/Pr
ograms/MiKTeX 2.9/fonts/type1/urw/helvetic/uhvro8a.pfb>
Output written on Thesis.pdf (88 pages, 1309712 bytes).
PDF statistics:
 1282 PDF objects out of 1440 (max. 8388607)
 249 named destinations out of 1000 (max. 500000)
 662 words of extra memory for PDF output out of 10000 (max. 10000000)

